[aulas-virtuales.cuaieed.unam.mx/index.html]
[backblue.gif]
[fade.gif]
[index.html]
[aulas-virtuales.cuaieed.unam.mx/img/logos/logo_AV.png]
[www.google-analytics.com/analytics.js]
[aulas-virtuales.cuaieed.unam.mx/css/estilos.css]
[aulas-virtuales.cuaieed.unam.mx/css/style_2.css]
[aulas-virtuales.cuaieed.unam.mx/css/style.css]
[aulas-virtuales.cuaieed.unam.mx/style.css]
[cdnjs.cloudflare.com/ajax/libs/meyer-reset/2.0/reset.min.css]
[maxcdn.bootstrapcdn.com/bootstrap/3.2.0/css/bootstrap.min.css]
[code.ionicframework.com/ionicons/2.0.1/css/ionicons.min.css]
[cdnjs.cloudflare.com/ajax/libs/normalize/5.0.0/normalize.min.css]
[ajax.googleapis.com/ajax/libs/jquery/3.4.1/jquery.min.js]
[cdnjs.cloudflare.com/ajax/libs/popper.js/1.14.7/umd/popper.min.js]
[unpkg.com/aos@2.3.1/dist/aos.css]
[aulas-virtuales.cuaieed.unam.mx/index-2.html]
[aulas-virtuales.cuaieed.unam.mx/alumnos.html]
[aulas-virtuales.cuaieed.unam.mx/docentes.html]
[aulas-virtuales.cuaieed.unam.mx/img/moodle.png]
[aulas-virtuales.cuaieed.unam.mx/img/zoom.png]
[aulas-virtuales.cuaieed.unam.mx/manuales/renovar_licencias_zoom.pdf]
[aulas-virtuales.cuaieed.unam.mx/manuales/manual_moodle.pdf]
[aulas-virtuales.cuaieed.unam.mx/manuales/matriculacion_alumnos.pdf]
[aulas-virtuales.cuaieed.unam.mx/manuales/subir_usuarios.csv]
[aulas-virtuales.cuaieed.unam.mx/img/iconos_videos/capacitacion.png]
[aulas-virtuales.cuaieed.unam.mx/img/iconos_videos/ingreso.png]
[aulas-virtuales.cuaieed.unam.mx/img/iconos_videos/matriculacion.png]
[aulas-virtuales.cuaieed.unam.mx/img/iconos_videos/crear_curso.png]
[aulas-virtuales.cuaieed.unam.mx/img/iconos_videos/reinicio.png]
[aulas-virtuales.cuaieed.unam.mx/img/iconos_videos/backup.png]
[aulas-virtuales.cuaieed.unam.mx/img/moodle30-810x539.jpg]
[aulas-virtuales.cuaieed.unam.mx/img/Thumb-43-1280x720.jpg]
[aulas-virtuales.cuaieed.unam.mx/img/287px-Moodle_Modern_Interface2_March_2017.png]
[aulas-virtuales.cuaieed.unam.mx/img/images.jpg]
[aulas-virtuales.cuaieed.unam.mx/manuales/manual_zoom.pdf]
[aulas-virtuales.cuaieed.unam.mx/manuales/uso_zoom.pdf]
[aulas-virtuales.cuaieed.unam.mx/img/iconos_videos/seguridad.png]
[aulas-virtuales.cuaieed.unam.mx/img/iconos_videos/actualizar.png]
[aulas-virtuales.cuaieed.unam.mx/img/iconos_videos/hexagono.png]
[aulas-virtuales.cuaieed.unam.mx/img/zoom2.png]
[aulas-virtuales.cuaieed.unam.mx/img/iconos_videos/menu.png]
[cdnjs.cloudflare.com/ajax/libs/jquery-easing/1.3/jquery.easing.min.js]
[cdnjs.cloudflare.com/ajax/libs/jquery/3.4.1/jquery.min.js]
[aulas-virtuales.cuaieed.unam.mx/js/scriptdark.js]
[maxcdn.bootstrapcdn.com/bootstrap/3.2.0/js/bootstrap.min.js]
[aulas-virtuales.cuaieed.unam.mx/js/script.js]
[aulas-virtuales.cuaieed.unam.mx/js/scripttext.js]
[aulas-virtuales.cuaieed.unam.mx/script_2.js]
[cdnjs.cloudflare.com/ajax/libs/owl-carousel/1.3.3/owl.carousel.min.js]
[unpkg.com/aos@2.3.1/dist/aos.js]
[aulas-virtuales.cuaieed.unam.mx/index.html]
[open.thumbshots.org/image9ba7.html]
[aulas-virtuales.cuaieed.unam.mx/css/img/computer.jpg]
[aulas-virtuales.cuaieed.unam.mx/css/img/student.jpg]
[aulas-virtuales.cuaieed.unam.mx/css/img/teacher.jpg]
[unsplash.imgix.net/44/C3EWdWzT8imxs0fKeKoC_blackforrest23b5.jpg]
[aulas-virtuales.cuaieed.unam.mx/css/estilos.css]
[aulas-virtuales.cuaieed.unam.mx/css/style_2.css]
[aulas-virtuales.cuaieed.unam.mx/css/style.css]
[aulas-virtuales.cuaieed.unam.mx/style.css]
[cdnjs.cloudflare.com/ajax/libs/meyer-reset/2.0/reset.min.css]
[maxcdn.bootstrapcdn.com/bootstrap/3.2.0/css/bootstrap.min.css]
[code.ionicframework.com/ionicons/2.0.1/css/ionicons.min.css]
[cdnjs.cloudflare.com/ajax/libs/normalize/5.0.0/normalize.min.css]
[unpkg.com/aos@2.3.1/dist/aos.css]
[aulas-virtuales.cuaieed.unam.mx/img/logos/logo_unam.svg]
[aulas-virtuales.cuaieed.unam.mx/index-2.html]
[aulas-virtuales.cuaieed.unam.mx/img/logos/logo_AV.svg]
[aulas-virtuales.cuaieed.unam.mx/img/logos/logo_cuaed.svg]
[aulas-virtuales.cuaieed.unam.mx/img/logos/logo_AV_ac.svg]
[aulas-virtuales.cuaieed.unam.mx/script.js]
[aulas-virtuales.cuaieed.unam.mx/script_3.js]
[cdnjs.cloudflare.com/ajax/libs/paginationjs/2.1.5/pagination.min.js]
[cdnjs.cloudflare.com/ajax/libs/list.js/1.5.0/list.min.js]
[aulas-virtuales.cuaieed.unam.mx/js/aulasalumnos_01072021.js]
[aulas-virtuales.cuaieed.unam.mx/alumnos.html]
[code.jquery.com/jquery-latest.min.js]
[aulas-virtuales.cuaieed.unam.mx/js/freenbar.min.js]
[aulas-virtuales.cuaieed.unam.mx/css/freenbar.min.css]
[aulas-virtuales.cuaieed.unam.mx/js/aulasvirtuales_29112021_ext_webex.js]
[www.google.com/recaptcha/apibe9a.js]
[aulas-virtuales.cuaieed.unam.mx/menulateral.js]
[aulas-virtuales.cuaieed.unam.mx/docentes.html]
[aulas-virtuales.cuaieed.unam.mx/img/logos/logo_AV_ac2_2.svg]
[aulas-virtuales.cuaieed.unam.mx/img/btnalum.svg]
[aulas-virtuales.cuaieed.unam.mx/img/btndoc.svg]
[aulas-virtuales.cuaieed.unam.mx/img/webex.svg]
[raw.githubusercontent.com/IronSummitMedia/startbootstrap/gh-pages/templates/agency/js/jquery-1.11.0.js]
[raw.githubusercontent.com/IronSummitMedia/startbootstrap/gh-pages/templates/agency/js/bootstrap.min.js]
[raw.githubusercontent.com/IronSummitMedia/startbootstrap/gh-pages/templates/agency/js/classie.js]
[raw.githubusercontent.com/IronSummitMedia/startbootstrap/gh-pages/templates/agency/js/cbpAnimatedHeader.js]
[raw.githubusercontent.com/IronSummitMedia/startbootstrap/gh-pages/templates/agency/js/jqBootstrapValidation.js]
[raw.githubusercontent.com/IronSummitMedia/startbootstrap/gh-pages/templates/agency/js/contact_me.js]
[aulas-virtuales.cuaieed.unam.mx/js/script2.html]
[aulas-virtuales.cuaieed.unam.mx/AOS - Animate on scroll library Archivos/jquery-1.html]
[aulas-virtuales.cuaieed.unam.mx/AOS - Animate on scroll library Archivos/highlight.html]
[aulas-virtuales.cuaieed.unam.mx/AOS - Animate on scroll library Archivos/aos.html]
[aulas-virtuales.cuaieed.unam.mx/img/logos/logo_unam_ac.svg]
[aulas-virtuales.cuaieed.unam.mx/img/logos/logo_RC_ac.svg]
[aulas-virtuales.cuaieed.unam.mx/img/logo_cuaed2.svg]
[aulas-virtuales.cuaieed.unam.mx/css/resources.html]
[aulas-virtuales.cuaieed.unam.mx/images/grabbing.html]
[aulas-virtuales.cuaieed.unam.mx/images/AjaxLoader.html]
[aulas-virtuales.cuaieed.unam.mx/img/logos/logo_AV_ac_al.svg]
[aulas-virtuales.cuaieed.unam.mx/css/freenbar.min.css]
[aulas-virtuales.cuaieed.unam.mx/img/faq.svg]
[aulas-virtuales.cuaieed.unam.mx/img/slido.svg]
